2018-05-05 08:17:04  [ main:0 ] - [ INFO ]  Loaded default TestExecutionListener class names from location [META-INF/spring.factories]: [org.springframework.test.context.web.ServletTestExecutionListener, org.springframework.test.context.support.DirtiesContextBeforeModesTestExecutionListener, org.springframework.test.context.support.DependencyInjectionTestExecutionListener, org.springframework.test.context.support.DirtiesContextTestExecutionListener, org.springframework.test.context.transaction.TransactionalTestExecutionListener, org.springframework.test.context.jdbc.SqlScriptsTestExecutionListener]
2018-05-05 08:17:04  [ main:86 ] - [ INFO ]  Using TestExecutionListeners: [org.springframework.test.context.web.ServletTestExecutionListener@cb5822, org.springframework.test.context.support.DirtiesContextBeforeModesTestExecutionListener@4b9e13df, org.springframework.test.context.support.DependencyInjectionTestExecutionListener@2b98378d, org.springframework.test.context.support.DirtiesContextTestExecutionListener@475530b9, org.springframework.test.context.transaction.TransactionalTestExecutionListener@1d057a39, org.springframework.test.context.jdbc.SqlScriptsTestExecutionListener@26be92ad]
2018-05-05 08:17:05  [ main:356 ] - [ INFO ]  Loading XML bean definitions from class path resource [springmvc.xml]
2018-05-05 08:17:05  [ main:766 ] - [ INFO ]  Loading XML bean definitions from class path resource [applicationContext-service.xml]
2018-05-05 08:17:05  [ main:844 ] - [ INFO ]  Loading XML bean definitions from class path resource [applicationContext-dao.xml]
2018-05-05 08:17:05  [ main:941 ] - [ INFO ]  Loading XML bean definitions from class path resource [applicationContext-transaction.xml]
2018-05-05 08:17:05  [ main:1079 ] - [ INFO ]  Refreshing org.springframework.context.support.GenericApplicationContext@5649fd9b: startup date [Sat May 05 08:17:05 CST 2018]; root of context hierarchy
2018-05-05 08:17:06  [ main:1884 ] - [ INFO ]  JSR-330 'javax.inject.Inject' annotation found and supported for autowiring
2018-05-05 08:17:07  [ main:3204 ] - [ INFO ]  Mapped "{[/getBlogListPrevious]}" onto public org.springframework.web.servlet.ModelAndView com.jhyarrow.myWeb.controller.BlogController.getBlogListPrevious(javax.servlet.http.HttpServletRequest)
2018-05-05 08:17:07  [ main:3205 ] - [ INFO ]  Mapped "{[/getBlog]}" onto public org.springframework.web.servlet.ModelAndView com.jhyarrow.myWeb.controller.BlogController.getBlog(javax.servlet.http.HttpServletRequest)
2018-05-05 08:17:07  [ main:3206 ] - [ INFO ]  Mapped "{[/getBlogListNext]}" onto public org.springframework.web.servlet.ModelAndView com.jhyarrow.myWeb.controller.BlogController.getBlogListNext(javax.servlet.http.HttpServletRequest)
2018-05-05 08:17:07  [ main:3207 ] - [ INFO ]  Mapped "{[/getBlogList]}" onto public org.springframework.web.servlet.ModelAndView com.jhyarrow.myWeb.controller.BlogController.getBlogList(javax.servlet.http.HttpServletRequest)
2018-05-05 08:17:07  [ main:3209 ] - [ INFO ]  Mapped "{[/addBlogView]}" onto public org.springframework.web.servlet.ModelAndView com.jhyarrow.myWeb.controller.BlogController.addBlogView()
2018-05-05 08:17:07  [ main:3211 ] - [ INFO ]  Mapped "{[/addBlog]}" onto public org.springframework.web.servlet.ModelAndView com.jhyarrow.myWeb.controller.BlogController.addBlog(javax.servlet.http.HttpServletRequest)
2018-05-05 08:17:07  [ main:3213 ] - [ INFO ]  Mapped "{[/index]}" onto public org.springframework.web.servlet.ModelAndView com.jhyarrow.myWeb.controller.IndexController.getIndex(javax.servlet.http.HttpServletRequest) throws java.lang.Exception
2018-05-05 08:17:07  [ main:3214 ] - [ INFO ]  Mapped "{[/getMusic]}" onto public org.springframework.web.servlet.ModelAndView com.jhyarrow.myWeb.controller.IndexController.getMusic(javax.servlet.http.HttpServletRequest) throws java.lang.Exception
2018-05-05 08:17:07  [ main:3215 ] - [ INFO ]  Mapped "{[/getMain]}" onto public org.springframework.web.servlet.ModelAndView com.jhyarrow.myWeb.controller.IndexController.getMain(javax.servlet.http.HttpServletRequest) throws java.lang.Exception
2018-05-05 08:17:07  [ main:3216 ] - [ INFO ]  Mapped "{[/addQuestionView]}" onto public org.springframework.web.servlet.ModelAndView com.jhyarrow.myWeb.controller.QuestionController.addQuestionView()
2018-05-05 08:17:07  [ main:3217 ] - [ INFO ]  Mapped "{[/getQuestionList]}" onto public org.springframework.web.servlet.ModelAndView com.jhyarrow.myWeb.controller.QuestionController.getQuestionList()
2018-05-05 08:17:07  [ main:3217 ] - [ INFO ]  Mapped "{[/getQuestion]}" onto public org.springframework.web.servlet.ModelAndView com.jhyarrow.myWeb.controller.QuestionController.getQuestion(javax.servlet.http.HttpServletRequest)
2018-05-05 08:17:07  [ main:3217 ] - [ INFO ]  Mapped "{[/updateQuestion]}" onto public org.springframework.web.servlet.ModelAndView com.jhyarrow.myWeb.controller.QuestionController.updateQuestion(javax.servlet.http.HttpServletRequest)
2018-05-05 08:17:07  [ main:3218 ] - [ INFO ]  Mapped "{[/addQuestion]}" onto public org.springframework.web.servlet.ModelAndView com.jhyarrow.myWeb.controller.QuestionController.addBlog(javax.servlet.http.HttpServletRequest)
2018-05-05 08:17:07  [ main:3222 ] - [ INFO ]  Mapped "{[/login]}" onto public org.springframework.web.servlet.ModelAndView com.jhyarrow.myWeb.controller.UserController.login(javax.servlet.http.HttpServletRequest)
2018-05-05 08:17:07  [ main:3223 ] - [ INFO ]  Mapped "{[/getLogIn]}" onto public org.springframework.web.servlet.ModelAndView com.jhyarrow.myWeb.controller.UserController.getLogin()
2018-05-05 08:17:07  [ main:3224 ] - [ INFO ]  Mapped "{[/logOff]}" onto public org.springframework.web.servlet.ModelAndView com.jhyarrow.myWeb.controller.UserController.logOff(javax.servlet.http.HttpServletRequest)
2018-05-05 08:17:08  [ main:3813 ] - [ INFO ]  Looking for @ControllerAdvice: org.springframework.context.support.GenericApplicationContext@5649fd9b: startup date [Sat May 05 08:17:05 CST 2018]; root of context hierarchy
2018-05-05 08:17:08  [ main:3908 ] - [ INFO ]  Looking for @ControllerAdvice: org.springframework.context.support.GenericApplicationContext@5649fd9b: startup date [Sat May 05 08:17:05 CST 2018]; root of context hierarchy
2018-05-05 08:17:09  [ main:4571 ] - [ INFO ]  Began transaction (1) for test context [DefaultTestContext@21ca139c testClass = SpiderTest, testInstance = myWeb.SpiderTest@226f885f, testMethod = spide@SpiderTest, testException = [null], mergedContextConfiguration = [MergedContextConfiguration@72a85671 testClass = SpiderTest, locations = '{classpath:springmvc.xml, classpath:applicationContext-service.xml, classpath:applicationContext-dao.xml, classpath:applicationContext-transaction.xml}', classes = '{}', contextInitializerClasses = '[]', activeProfiles = '{}', propertySourceLocations = '{}', propertySourceProperties = '{}', contextCustomizers = set[[empty]], contextLoader = 'org.springframework.test.context.support.DelegatingSmartContextLoader', parent = [null]]]; transaction manager [org.springframework.jdbc.datasource.DataSourceTransactionManager@54504ecd]; rollback [false]
2018-05-05 08:17:10  [ main:5999 ] - [ INFO ]  Loading XML bean definitions from class path resource [org/springframework/jdbc/support/sql-error-codes.xml]
2018-05-05 08:17:10  [ main:6060 ] - [ INFO ]  SQLErrorCodes loaded: [DB2, Derby, H2, HSQL, Informix, MS-SQL, MySQL, Oracle, PostgreSQL, Sybase, Hana]
2018-05-05 08:26:38  [ main:0 ] - [ INFO ]  Loaded default TestExecutionListener class names from location [META-INF/spring.factories]: [org.springframework.test.context.web.ServletTestExecutionListener, org.springframework.test.context.support.DirtiesContextBeforeModesTestExecutionListener, org.springframework.test.context.support.DependencyInjectionTestExecutionListener, org.springframework.test.context.support.DirtiesContextTestExecutionListener, org.springframework.test.context.transaction.TransactionalTestExecutionListener, org.springframework.test.context.jdbc.SqlScriptsTestExecutionListener]
2018-05-05 08:26:38  [ main:20 ] - [ INFO ]  Using TestExecutionListeners: [org.springframework.test.context.web.ServletTestExecutionListener@cb5822, org.springframework.test.context.support.DirtiesContextBeforeModesTestExecutionListener@4b9e13df, org.springframework.test.context.support.DependencyInjectionTestExecutionListener@2b98378d, org.springframework.test.context.support.DirtiesContextTestExecutionListener@475530b9, org.springframework.test.context.transaction.TransactionalTestExecutionListener@1d057a39, org.springframework.test.context.jdbc.SqlScriptsTestExecutionListener@26be92ad]
2018-05-05 08:26:39  [ main:111 ] - [ INFO ]  Loading XML bean definitions from class path resource [springmvc.xml]
2018-05-05 08:26:39  [ main:377 ] - [ INFO ]  Loading XML bean definitions from class path resource [applicationContext-service.xml]
2018-05-05 08:26:39  [ main:404 ] - [ INFO ]  Loading XML bean definitions from class path resource [applicationContext-dao.xml]
2018-05-05 08:26:39  [ main:443 ] - [ INFO ]  Loading XML bean definitions from class path resource [applicationContext-transaction.xml]
2018-05-05 08:26:39  [ main:503 ] - [ INFO ]  Refreshing org.springframework.context.support.GenericApplicationContext@5649fd9b: startup date [Sat May 05 08:26:39 CST 2018]; root of context hierarchy
2018-05-05 08:26:39  [ main:768 ] - [ INFO ]  JSR-330 'javax.inject.Inject' annotation found and supported for autowiring
2018-05-05 08:26:40  [ main:2033 ] - [ INFO ]  Mapped "{[/getBlogListPrevious]}" onto public org.springframework.web.servlet.ModelAndView com.jhyarrow.myWeb.controller.BlogController.getBlogListPrevious(javax.servlet.http.HttpServletRequest)
2018-05-05 08:26:40  [ main:2035 ] - [ INFO ]  Mapped "{[/getBlogListNext]}" onto public org.springframework.web.servlet.ModelAndView com.jhyarrow.myWeb.controller.BlogController.getBlogListNext(javax.servlet.http.HttpServletRequest)
2018-05-05 08:26:40  [ main:2036 ] - [ INFO ]  Mapped "{[/addBlogView]}" onto public org.springframework.web.servlet.ModelAndView com.jhyarrow.myWeb.controller.BlogController.addBlogView()
2018-05-05 08:26:40  [ main:2037 ] - [ INFO ]  Mapped "{[/addBlog]}" onto public org.springframework.web.servlet.ModelAndView com.jhyarrow.myWeb.controller.BlogController.addBlog(javax.servlet.http.HttpServletRequest)
2018-05-05 08:26:40  [ main:2037 ] - [ INFO ]  Mapped "{[/getBlog]}" onto public org.springframework.web.servlet.ModelAndView com.jhyarrow.myWeb.controller.BlogController.getBlog(javax.servlet.http.HttpServletRequest)
2018-05-05 08:26:40  [ main:2039 ] - [ INFO ]  Mapped "{[/getBlogList]}" onto public org.springframework.web.servlet.ModelAndView com.jhyarrow.myWeb.controller.BlogController.getBlogList(javax.servlet.http.HttpServletRequest)
2018-05-05 08:26:40  [ main:2041 ] - [ INFO ]  Mapped "{[/index]}" onto public org.springframework.web.servlet.ModelAndView com.jhyarrow.myWeb.controller.IndexController.getIndex(javax.servlet.http.HttpServletRequest) throws java.lang.Exception
2018-05-05 08:26:40  [ main:2042 ] - [ INFO ]  Mapped "{[/getMain]}" onto public org.springframework.web.servlet.ModelAndView com.jhyarrow.myWeb.controller.IndexController.getMain(javax.servlet.http.HttpServletRequest) throws java.lang.Exception
2018-05-05 08:26:40  [ main:2042 ] - [ INFO ]  Mapped "{[/getMusic]}" onto public org.springframework.web.servlet.ModelAndView com.jhyarrow.myWeb.controller.IndexController.getMusic(javax.servlet.http.HttpServletRequest) throws java.lang.Exception
2018-05-05 08:26:40  [ main:2045 ] - [ INFO ]  Mapped "{[/addQuestion]}" onto public org.springframework.web.servlet.ModelAndView com.jhyarrow.myWeb.controller.QuestionController.addBlog(javax.servlet.http.HttpServletRequest)
2018-05-05 08:26:40  [ main:2046 ] - [ INFO ]  Mapped "{[/getQuestion]}" onto public org.springframework.web.servlet.ModelAndView com.jhyarrow.myWeb.controller.QuestionController.getQuestion(javax.servlet.http.HttpServletRequest)
2018-05-05 08:26:40  [ main:2047 ] - [ INFO ]  Mapped "{[/addQuestionView]}" onto public org.springframework.web.servlet.ModelAndView com.jhyarrow.myWeb.controller.QuestionController.addQuestionView()
2018-05-05 08:26:40  [ main:2047 ] - [ INFO ]  Mapped "{[/getQuestionList]}" onto public org.springframework.web.servlet.ModelAndView com.jhyarrow.myWeb.controller.QuestionController.getQuestionList()
2018-05-05 08:26:40  [ main:2050 ] - [ INFO ]  Mapped "{[/updateQuestion]}" onto public org.springframework.web.servlet.ModelAndView com.jhyarrow.myWeb.controller.QuestionController.updateQuestion(javax.servlet.http.HttpServletRequest)
2018-05-05 08:26:41  [ main:2058 ] - [ INFO ]  Mapped "{[/login]}" onto public org.springframework.web.servlet.ModelAndView com.jhyarrow.myWeb.controller.UserController.login(javax.servlet.http.HttpServletRequest)
2018-05-05 08:26:41  [ main:2059 ] - [ INFO ]  Mapped "{[/getLogIn]}" onto public org.springframework.web.servlet.ModelAndView com.jhyarrow.myWeb.controller.UserController.getLogin()
2018-05-05 08:26:41  [ main:2060 ] - [ INFO ]  Mapped "{[/logOff]}" onto public org.springframework.web.servlet.ModelAndView com.jhyarrow.myWeb.controller.UserController.logOff(javax.servlet.http.HttpServletRequest)
2018-05-05 08:26:41  [ main:2354 ] - [ INFO ]  Looking for @ControllerAdvice: org.springframework.context.support.GenericApplicationContext@5649fd9b: startup date [Sat May 05 08:26:39 CST 2018]; root of context hierarchy
2018-05-05 08:26:41  [ main:2473 ] - [ INFO ]  Looking for @ControllerAdvice: org.springframework.context.support.GenericApplicationContext@5649fd9b: startup date [Sat May 05 08:26:39 CST 2018]; root of context hierarchy
2018-05-05 08:26:42  [ main:3378 ] - [ INFO ]  Began transaction (1) for test context [DefaultTestContext@21ca139c testClass = SpiderTest, testInstance = myWeb.SpiderTest@226f885f, testMethod = spide@SpiderTest, testException = [null], mergedContextConfiguration = [MergedContextConfiguration@72a85671 testClass = SpiderTest, locations = '{classpath:springmvc.xml, classpath:applicationContext-service.xml, classpath:applicationContext-dao.xml, classpath:applicationContext-transaction.xml}', classes = '{}', contextInitializerClasses = '[]', activeProfiles = '{}', propertySourceLocations = '{}', propertySourceProperties = '{}', contextCustomizers = set[[empty]], contextLoader = 'org.springframework.test.context.support.DelegatingSmartContextLoader', parent = [null]]]; transaction manager [org.springframework.jdbc.datasource.DataSourceTransactionManager@54504ecd]; rollback [false]
2018-05-05 08:31:33  [ main:294928 ] - [ INFO ]  Committed transaction for test context [DefaultTestContext@21ca139c testClass = SpiderTest, testInstance = myWeb.SpiderTest@226f885f, testMethod = spide@SpiderTest, testException = [null], mergedContextConfiguration = [MergedContextConfiguration@72a85671 testClass = SpiderTest, locations = '{classpath:springmvc.xml, classpath:applicationContext-service.xml, classpath:applicationContext-dao.xml, classpath:applicationContext-transaction.xml}', classes = '{}', contextInitializerClasses = '[]', activeProfiles = '{}', propertySourceLocations = '{}', propertySourceProperties = '{}', contextCustomizers = set[[empty]], contextLoader = 'org.springframework.test.context.support.DelegatingSmartContextLoader', parent = [null]]].
2018-05-05 08:31:33  [ Thread-1:294932 ] - [ INFO ]  Closing org.springframework.context.support.GenericApplicationContext@5649fd9b: startup date [Sat May 05 08:26:39 CST 2018]; root of context hierarchy
2018-05-05 11:01:04  [ main:0 ] - [ INFO ]  Loaded default TestExecutionListener class names from location [META-INF/spring.factories]: [org.springframework.test.context.web.ServletTestExecutionListener, org.springframework.test.context.support.DirtiesContextBeforeModesTestExecutionListener, org.springframework.test.context.support.DependencyInjectionTestExecutionListener, org.springframework.test.context.support.DirtiesContextTestExecutionListener, org.springframework.test.context.transaction.TransactionalTestExecutionListener, org.springframework.test.context.jdbc.SqlScriptsTestExecutionListener]
2018-05-05 11:01:04  [ main:48 ] - [ INFO ]  Using TestExecutionListeners: [org.springframework.test.context.web.ServletTestExecutionListener@18be83e4, org.springframework.test.context.support.DirtiesContextBeforeModesTestExecutionListener@cb5822, org.springframework.test.context.support.DependencyInjectionTestExecutionListener@4b9e13df, org.springframework.test.context.support.DirtiesContextTestExecutionListener@2b98378d, org.springframework.test.context.transaction.TransactionalTestExecutionListener@475530b9, org.springframework.test.context.jdbc.SqlScriptsTestExecutionListener@1d057a39]
2018-05-05 11:01:05  [ main:173 ] - [ INFO ]  Loading XML bean definitions from class path resource [springmvc.xml]
2018-05-05 11:01:05  [ main:533 ] - [ INFO ]  Loading XML bean definitions from class path resource [applicationContext-service.xml]
2018-05-05 11:01:05  [ main:564 ] - [ INFO ]  Loading XML bean definitions from class path resource [applicationContext-dao.xml]
2018-05-05 11:01:05  [ main:626 ] - [ INFO ]  Loading XML bean definitions from class path resource [applicationContext-transaction.xml]
2018-05-05 11:01:05  [ main:689 ] - [ INFO ]  Refreshing org.springframework.context.support.GenericApplicationContext@29ca901e: startup date [Sat May 05 11:01:05 CST 2018]; root of context hierarchy
2018-05-05 11:01:06  [ main:1142 ] - [ INFO ]  JSR-330 'javax.inject.Inject' annotation found and supported for autowiring
2018-05-05 11:01:07  [ main:2649 ] - [ INFO ]  Mapped "{[/getBlogListPrevious]}" onto public org.springframework.web.servlet.ModelAndView com.jhyarrow.myWeb.controller.BlogController.getBlogListPrevious(javax.servlet.http.HttpServletRequest)
2018-05-05 11:01:07  [ main:2663 ] - [ INFO ]  Mapped "{[/addBlogView]}" onto public org.springframework.web.servlet.ModelAndView com.jhyarrow.myWeb.controller.BlogController.addBlogView()
2018-05-05 11:01:07  [ main:2663 ] - [ INFO ]  Mapped "{[/addBlog]}" onto public org.springframework.web.servlet.ModelAndView com.jhyarrow.myWeb.controller.BlogController.addBlog(javax.servlet.http.HttpServletRequest)
2018-05-05 11:01:07  [ main:2663 ] - [ INFO ]  Mapped "{[/getBlogList]}" onto public org.springframework.web.servlet.ModelAndView com.jhyarrow.myWeb.controller.BlogController.getBlogList(javax.servlet.http.HttpServletRequest)
2018-05-05 11:01:07  [ main:2663 ] - [ INFO ]  Mapped "{[/getBlogListNext]}" onto public org.springframework.web.servlet.ModelAndView com.jhyarrow.myWeb.controller.BlogController.getBlogListNext(javax.servlet.http.HttpServletRequest)
2018-05-05 11:01:07  [ main:2663 ] - [ INFO ]  Mapped "{[/getBlog]}" onto public org.springframework.web.servlet.ModelAndView com.jhyarrow.myWeb.controller.BlogController.getBlog(javax.servlet.http.HttpServletRequest)
2018-05-05 11:01:07  [ main:2663 ] - [ INFO ]  Mapped "{[/index]}" onto public org.springframework.web.servlet.ModelAndView com.jhyarrow.myWeb.controller.IndexController.getIndex(javax.servlet.http.HttpServletRequest) throws java.lang.Exception
2018-05-05 11:01:07  [ main:2663 ] - [ INFO ]  Mapped "{[/getMain]}" onto public org.springframework.web.servlet.ModelAndView com.jhyarrow.myWeb.controller.IndexController.getMain(javax.servlet.http.HttpServletRequest) throws java.lang.Exception
2018-05-05 11:01:07  [ main:2663 ] - [ INFO ]  Mapped "{[/getMusic]}" onto public org.springframework.web.servlet.ModelAndView com.jhyarrow.myWeb.controller.IndexController.getMusic(javax.servlet.http.HttpServletRequest) throws java.lang.Exception
2018-05-05 11:01:07  [ main:2663 ] - [ INFO ]  Mapped "{[/addQuestion]}" onto public org.springframework.web.servlet.ModelAndView com.jhyarrow.myWeb.controller.QuestionController.addBlog(javax.servlet.http.HttpServletRequest)
2018-05-05 11:01:07  [ main:2663 ] - [ INFO ]  Mapped "{[/getQuestion]}" onto public org.springframework.web.servlet.ModelAndView com.jhyarrow.myWeb.controller.QuestionController.getQuestion(javax.servlet.http.HttpServletRequest)
2018-05-05 11:01:07  [ main:2663 ] - [ INFO ]  Mapped "{[/updateQuestion]}" onto public org.springframework.web.servlet.ModelAndView com.jhyarrow.myWeb.controller.QuestionController.updateQuestion(javax.servlet.http.HttpServletRequest)
2018-05-05 11:01:07  [ main:2663 ] - [ INFO ]  Mapped "{[/addQuestionView]}" onto public org.springframework.web.servlet.ModelAndView com.jhyarrow.myWeb.controller.QuestionController.addQuestionView()
2018-05-05 11:01:07  [ main:2663 ] - [ INFO ]  Mapped "{[/getQuestionList]}" onto public org.springframework.web.servlet.ModelAndView com.jhyarrow.myWeb.controller.QuestionController.getQuestionList()
2018-05-05 11:01:07  [ main:2679 ] - [ INFO ]  Mapped "{[/login]}" onto public org.springframework.web.servlet.ModelAndView com.jhyarrow.myWeb.controller.UserController.login(javax.servlet.http.HttpServletRequest)
2018-05-05 11:01:07  [ main:2679 ] - [ INFO ]  Mapped "{[/getLogIn]}" onto public org.springframework.web.servlet.ModelAndView com.jhyarrow.myWeb.controller.UserController.getLogin()
2018-05-05 11:01:07  [ main:2679 ] - [ INFO ]  Mapped "{[/logOff]}" onto public org.springframework.web.servlet.ModelAndView com.jhyarrow.myWeb.controller.UserController.logOff(javax.servlet.http.HttpServletRequest)
2018-05-05 11:01:07  [ main:2944 ] - [ INFO ]  Looking for @ControllerAdvice: org.springframework.context.support.GenericApplicationContext@29ca901e: startup date [Sat May 05 11:01:05 CST 2018]; root of context hierarchy
2018-05-05 11:01:07  [ main:3038 ] - [ INFO ]  Looking for @ControllerAdvice: org.springframework.context.support.GenericApplicationContext@29ca901e: startup date [Sat May 05 11:01:05 CST 2018]; root of context hierarchy
2018-05-05 11:01:09  [ main:4259 ] - [ INFO ]  Began transaction (1) for test context [DefaultTestContext@5ebd56e9 testClass = SpiderTest, testInstance = myWeb.SpiderTest@63f34b70, testMethod = spideStockDaily@SpiderTest, testException = [null], mergedContextConfiguration = [MergedContextConfiguration@6d0b5baf testClass = SpiderTest, locations = '{classpath:springmvc.xml, classpath:applicationContext-service.xml, classpath:applicationContext-dao.xml, classpath:applicationContext-transaction.xml}', classes = '{}', contextInitializerClasses = '[]', activeProfiles = '{}', propertySourceLocations = '{}', propertySourceProperties = '{}', contextCustomizers = set[[empty]], contextLoader = 'org.springframework.test.context.support.DelegatingSmartContextLoader', parent = [null]]]; transaction manager [org.springframework.jdbc.datasource.DataSourceTransactionManager@38b27cdc]; rollback [false]
2018-05-05 11:01:09  [ main:4562 ] - [ INFO ]  Committed transaction for test context [DefaultTestContext@5ebd56e9 testClass = SpiderTest, testInstance = myWeb.SpiderTest@63f34b70, testMethod = spideStockDaily@SpiderTest, testException = java.lang.ClassCastException: java.lang.String cannot be cast to java.lang.Integer, mergedContextConfiguration = [MergedContextConfiguration@6d0b5baf testClass = SpiderTest, locations = '{classpath:springmvc.xml, classpath:applicationContext-service.xml, classpath:applicationContext-dao.xml, classpath:applicationContext-transaction.xml}', classes = '{}', contextInitializerClasses = '[]', activeProfiles = '{}', propertySourceLocations = '{}', propertySourceProperties = '{}', contextCustomizers = set[[empty]], contextLoader = 'org.springframework.test.context.support.DelegatingSmartContextLoader', parent = [null]]].
2018-05-05 11:01:09  [ Thread-1:4640 ] - [ INFO ]  Closing org.springframework.context.support.GenericApplicationContext@29ca901e: startup date [Sat May 05 11:01:05 CST 2018]; root of context hierarchy
2018-05-05 11:01:51  [ main:0 ] - [ INFO ]  Loaded default TestExecutionListener class names from location [META-INF/spring.factories]: [org.springframework.test.context.web.ServletTestExecutionListener, org.springframework.test.context.support.DirtiesContextBeforeModesTestExecutionListener, org.springframework.test.context.support.DependencyInjectionTestExecutionListener, org.springframework.test.context.support.DirtiesContextTestExecutionListener, org.springframework.test.context.transaction.TransactionalTestExecutionListener, org.springframework.test.context.jdbc.SqlScriptsTestExecutionListener]
2018-05-05 11:01:51  [ main:78 ] - [ INFO ]  Using TestExecutionListeners: [org.springframework.test.context.web.ServletTestExecutionListener@18be83e4, org.springframework.test.context.support.DirtiesContextBeforeModesTestExecutionListener@cb5822, org.springframework.test.context.support.DependencyInjectionTestExecutionListener@4b9e13df, org.springframework.test.context.support.DirtiesContextTestExecutionListener@2b98378d, org.springframework.test.context.transaction.TransactionalTestExecutionListener@475530b9, org.springframework.test.context.jdbc.SqlScriptsTestExecutionListener@1d057a39]
2018-05-05 11:01:51  [ main:209 ] - [ INFO ]  Loading XML bean definitions from class path resource [springmvc.xml]
2018-05-05 11:01:51  [ main:553 ] - [ INFO ]  Loading XML bean definitions from class path resource [applicationContext-service.xml]
2018-05-05 11:01:51  [ main:584 ] - [ INFO ]  Loading XML bean definitions from class path resource [applicationContext-dao.xml]
2018-05-05 11:01:51  [ main:631 ] - [ INFO ]  Loading XML bean definitions from class path resource [applicationContext-transaction.xml]
2018-05-05 11:01:51  [ main:709 ] - [ INFO ]  Refreshing org.springframework.context.support.GenericApplicationContext@29ca901e: startup date [Sat May 05 11:01:51 CST 2018]; root of context hierarchy
2018-05-05 11:01:52  [ main:1006 ] - [ INFO ]  JSR-330 'javax.inject.Inject' annotation found and supported for autowiring
2018-05-05 11:01:53  [ main:2335 ] - [ INFO ]  Mapped "{[/addBlog]}" onto public org.springframework.web.servlet.ModelAndView com.jhyarrow.myWeb.controller.BlogController.addBlog(javax.servlet.http.HttpServletRequest)
2018-05-05 11:01:53  [ main:2351 ] - [ INFO ]  Mapped "{[/getBlogListNext]}" onto public org.springframework.web.servlet.ModelAndView com.jhyarrow.myWeb.controller.BlogController.getBlogListNext(javax.servlet.http.HttpServletRequest)
2018-05-05 11:01:53  [ main:2351 ] - [ INFO ]  Mapped "{[/addBlogView]}" onto public org.springframework.web.servlet.ModelAndView com.jhyarrow.myWeb.controller.BlogController.addBlogView()
2018-05-05 11:01:53  [ main:2351 ] - [ INFO ]  Mapped "{[/getBlogList]}" onto public org.springframework.web.servlet.ModelAndView com.jhyarrow.myWeb.controller.BlogController.getBlogList(javax.servlet.http.HttpServletRequest)
2018-05-05 11:01:53  [ main:2351 ] - [ INFO ]  Mapped "{[/getBlog]}" onto public org.springframework.web.servlet.ModelAndView com.jhyarrow.myWeb.controller.BlogController.getBlog(javax.servlet.http.HttpServletRequest)
2018-05-05 11:01:53  [ main:2351 ] - [ INFO ]  Mapped "{[/getBlogListPrevious]}" onto public org.springframework.web.servlet.ModelAndView com.jhyarrow.myWeb.controller.BlogController.getBlogListPrevious(javax.servlet.http.HttpServletRequest)
2018-05-05 11:01:53  [ main:2351 ] - [ INFO ]  Mapped "{[/index]}" onto public org.springframework.web.servlet.ModelAndView com.jhyarrow.myWeb.controller.IndexController.getIndex(javax.servlet.http.HttpServletRequest) throws java.lang.Exception
2018-05-05 11:01:53  [ main:2351 ] - [ INFO ]  Mapped "{[/getMain]}" onto public org.springframework.web.servlet.ModelAndView com.jhyarrow.myWeb.controller.IndexController.getMain(javax.servlet.http.HttpServletRequest) throws java.lang.Exception
2018-05-05 11:01:53  [ main:2351 ] - [ INFO ]  Mapped "{[/getMusic]}" onto public org.springframework.web.servlet.ModelAndView com.jhyarrow.myWeb.controller.IndexController.getMusic(javax.servlet.http.HttpServletRequest) throws java.lang.Exception
2018-05-05 11:01:53  [ main:2351 ] - [ INFO ]  Mapped "{[/updateQuestion]}" onto public org.springframework.web.servlet.ModelAndView com.jhyarrow.myWeb.controller.QuestionController.updateQuestion(javax.servlet.http.HttpServletRequest)
2018-05-05 11:01:53  [ main:2351 ] - [ INFO ]  Mapped "{[/addQuestion]}" onto public org.springframework.web.servlet.ModelAndView com.jhyarrow.myWeb.controller.QuestionController.addBlog(javax.servlet.http.HttpServletRequest)
2018-05-05 11:01:53  [ main:2351 ] - [ INFO ]  Mapped "{[/getQuestionList]}" onto public org.springframework.web.servlet.ModelAndView com.jhyarrow.myWeb.controller.QuestionController.getQuestionList()
2018-05-05 11:01:53  [ main:2351 ] - [ INFO ]  Mapped "{[/getQuestion]}" onto public org.springframework.web.servlet.ModelAndView com.jhyarrow.myWeb.controller.QuestionController.getQuestion(javax.servlet.http.HttpServletRequest)
2018-05-05 11:01:53  [ main:2351 ] - [ INFO ]  Mapped "{[/addQuestionView]}" onto public org.springframework.web.servlet.ModelAndView com.jhyarrow.myWeb.controller.QuestionController.addQuestionView()
2018-05-05 11:01:53  [ main:2351 ] - [ INFO ]  Mapped "{[/login]}" onto public org.springframework.web.servlet.ModelAndView com.jhyarrow.myWeb.controller.UserController.login(javax.servlet.http.HttpServletRequest)
2018-05-05 11:01:53  [ main:2351 ] - [ INFO ]  Mapped "{[/getLogIn]}" onto public org.springframework.web.servlet.ModelAndView com.jhyarrow.myWeb.controller.UserController.getLogin()
2018-05-05 11:01:53  [ main:2367 ] - [ INFO ]  Mapped "{[/logOff]}" onto public org.springframework.web.servlet.ModelAndView com.jhyarrow.myWeb.controller.UserController.logOff(javax.servlet.http.HttpServletRequest)
2018-05-05 11:01:53  [ main:2601 ] - [ INFO ]  Looking for @ControllerAdvice: org.springframework.context.support.GenericApplicationContext@29ca901e: startup date [Sat May 05 11:01:51 CST 2018]; root of context hierarchy
2018-05-05 11:01:53  [ main:2695 ] - [ INFO ]  Looking for @ControllerAdvice: org.springframework.context.support.GenericApplicationContext@29ca901e: startup date [Sat May 05 11:01:51 CST 2018]; root of context hierarchy
2018-05-05 11:01:54  [ main:3416 ] - [ INFO ]  Began transaction (1) for test context [DefaultTestContext@5ebd56e9 testClass = SpiderTest, testInstance = myWeb.SpiderTest@63f34b70, testMethod = spideStockDaily@SpiderTest, testException = [null], mergedContextConfiguration = [MergedContextConfiguration@6d0b5baf testClass = SpiderTest, locations = '{classpath:springmvc.xml, classpath:applicationContext-service.xml, classpath:applicationContext-dao.xml, classpath:applicationContext-transaction.xml}', classes = '{}', contextInitializerClasses = '[]', activeProfiles = '{}', propertySourceLocations = '{}', propertySourceProperties = '{}', contextCustomizers = set[[empty]], contextLoader = 'org.springframework.test.context.support.DelegatingSmartContextLoader', parent = [null]]]; transaction manager [org.springframework.jdbc.datasource.DataSourceTransactionManager@38b27cdc]; rollback [false]
2018-05-05 11:06:27  [ main:276406 ] - [ INFO ]  Committed transaction for test context [DefaultTestContext@5ebd56e9 testClass = SpiderTest, testInstance = myWeb.SpiderTest@63f34b70, testMethod = spideStockDaily@SpiderTest, testException = [null], mergedContextConfiguration = [MergedContextConfiguration@6d0b5baf testClass = SpiderTest, locations = '{classpath:springmvc.xml, classpath:applicationContext-service.xml, classpath:applicationContext-dao.xml, classpath:applicationContext-transaction.xml}', classes = '{}', contextInitializerClasses = '[]', activeProfiles = '{}', propertySourceLocations = '{}', propertySourceProperties = '{}', contextCustomizers = set[[empty]], contextLoader = 'org.springframework.test.context.support.DelegatingSmartContextLoader', parent = [null]]].
2018-05-05 11:06:27  [ Thread-1:276406 ] - [ INFO ]  Closing org.springframework.context.support.GenericApplicationContext@29ca901e: startup date [Sat May 05 11:01:51 CST 2018]; root of context hierarchy
2018-05-05 11:07:09  [ main:0 ] - [ INFO ]  Loaded default TestExecutionListener class names from location [META-INF/spring.factories]: [org.springframework.test.context.web.ServletTestExecutionListener, org.springframework.test.context.support.DirtiesContextBeforeModesTestExecutionListener, org.springframework.test.context.support.DependencyInjectionTestExecutionListener, org.springframework.test.context.support.DirtiesContextTestExecutionListener, org.springframework.test.context.transaction.TransactionalTestExecutionListener, org.springframework.test.context.jdbc.SqlScriptsTestExecutionListener]
2018-05-05 11:07:09  [ main:31 ] - [ INFO ]  Using TestExecutionListeners: [org.springframework.test.context.web.ServletTestExecutionListener@18be83e4, org.springframework.test.context.support.DirtiesContextBeforeModesTestExecutionListener@cb5822, org.springframework.test.context.support.DependencyInjectionTestExecutionListener@4b9e13df, org.springframework.test.context.support.DirtiesContextTestExecutionListener@2b98378d, org.springframework.test.context.transaction.TransactionalTestExecutionListener@475530b9, org.springframework.test.context.jdbc.SqlScriptsTestExecutionListener@1d057a39]
2018-05-05 11:07:09  [ main:156 ] - [ INFO ]  Loading XML bean definitions from class path resource [springmvc.xml]
2018-05-05 11:07:09  [ main:464 ] - [ INFO ]  Loading XML bean definitions from class path resource [applicationContext-service.xml]
2018-05-05 11:07:09  [ main:496 ] - [ INFO ]  Loading XML bean definitions from class path resource [applicationContext-dao.xml]
2018-05-05 11:07:10  [ main:543 ] - [ INFO ]  Loading XML bean definitions from class path resource [applicationContext-transaction.xml]
2018-05-05 11:07:10  [ main:621 ] - [ INFO ]  Refreshing org.springframework.context.support.GenericApplicationContext@29ca901e: startup date [Sat May 05 11:07:10 CST 2018]; root of context hierarchy
2018-05-05 11:07:10  [ main:933 ] - [ INFO ]  JSR-330 'javax.inject.Inject' annotation found and supported for autowiring
2018-05-05 11:07:37  [ main:0 ] - [ INFO ]  Loaded default TestExecutionListener class names from location [META-INF/spring.factories]: [org.springframework.test.context.web.ServletTestExecutionListener, org.springframework.test.context.support.DirtiesContextBeforeModesTestExecutionListener, org.springframework.test.context.support.DependencyInjectionTestExecutionListener, org.springframework.test.context.support.DirtiesContextTestExecutionListener, org.springframework.test.context.transaction.TransactionalTestExecutionListener, org.springframework.test.context.jdbc.SqlScriptsTestExecutionListener]
2018-05-05 11:07:37  [ main:32 ] - [ INFO ]  Using TestExecutionListeners: [org.springframework.test.context.web.ServletTestExecutionListener@18be83e4, org.springframework.test.context.support.DirtiesContextBeforeModesTestExecutionListener@cb5822, org.springframework.test.context.support.DependencyInjectionTestExecutionListener@4b9e13df, org.springframework.test.context.support.DirtiesContextTestExecutionListener@2b98378d, org.springframework.test.context.transaction.TransactionalTestExecutionListener@475530b9, org.springframework.test.context.jdbc.SqlScriptsTestExecutionListener@1d057a39]
2018-05-05 11:07:37  [ main:141 ] - [ INFO ]  Loading XML bean definitions from class path resource [springmvc.xml]
2018-05-05 11:07:38  [ main:518 ] - [ INFO ]  Loading XML bean definitions from class path resource [applicationContext-service.xml]
2018-05-05 11:07:38  [ main:580 ] - [ INFO ]  Loading XML bean definitions from class path resource [applicationContext-dao.xml]
2018-05-05 11:07:38  [ main:659 ] - [ INFO ]  Loading XML bean definitions from class path resource [applicationContext-transaction.xml]
2018-05-05 11:07:38  [ main:799 ] - [ INFO ]  Refreshing org.springframework.context.support.GenericApplicationContext@29ca901e: startup date [Sat May 05 11:07:38 CST 2018]; root of context hierarchy
2018-05-05 11:07:38  [ main:1143 ] - [ INFO ]  JSR-330 'javax.inject.Inject' annotation found and supported for autowiring
2018-05-05 11:07:40  [ main:2490 ] - [ INFO ]  Mapped "{[/getBlogListPrevious]}" onto public org.springframework.web.servlet.ModelAndView com.jhyarrow.myWeb.controller.BlogController.getBlogListPrevious(javax.servlet.http.HttpServletRequest)
2018-05-05 11:07:40  [ main:2503 ] - [ INFO ]  Mapped "{[/getBlog]}" onto public org.springframework.web.servlet.ModelAndView com.jhyarrow.myWeb.controller.BlogController.getBlog(javax.servlet.http.HttpServletRequest)
2018-05-05 11:07:40  [ main:2503 ] - [ INFO ]  Mapped "{[/addBlog]}" onto public org.springframework.web.servlet.ModelAndView com.jhyarrow.myWeb.controller.BlogController.addBlog(javax.servlet.http.HttpServletRequest)
2018-05-05 11:07:40  [ main:2503 ] - [ INFO ]  Mapped "{[/getBlogListNext]}" onto public org.springframework.web.servlet.ModelAndView com.jhyarrow.myWeb.controller.BlogController.getBlogListNext(javax.servlet.http.HttpServletRequest)
2018-05-05 11:07:40  [ main:2503 ] - [ INFO ]  Mapped "{[/addBlogView]}" onto public org.springframework.web.servlet.ModelAndView com.jhyarrow.myWeb.controller.BlogController.addBlogView()
2018-05-05 11:07:40  [ main:2503 ] - [ INFO ]  Mapped "{[/getBlogList]}" onto public org.springframework.web.servlet.ModelAndView com.jhyarrow.myWeb.controller.BlogController.getBlogList(javax.servlet.http.HttpServletRequest)
2018-05-05 11:07:40  [ main:2503 ] - [ INFO ]  Mapped "{[/index]}" onto public org.springframework.web.servlet.ModelAndView com.jhyarrow.myWeb.controller.IndexController.getIndex(javax.servlet.http.HttpServletRequest) throws java.lang.Exception
2018-05-05 11:07:40  [ main:2503 ] - [ INFO ]  Mapped "{[/getMusic]}" onto public org.springframework.web.servlet.ModelAndView com.jhyarrow.myWeb.controller.IndexController.getMusic(javax.servlet.http.HttpServletRequest) throws java.lang.Exception
2018-05-05 11:07:40  [ main:2503 ] - [ INFO ]  Mapped "{[/getMain]}" onto public org.springframework.web.servlet.ModelAndView com.jhyarrow.myWeb.controller.IndexController.getMain(javax.servlet.http.HttpServletRequest) throws java.lang.Exception
2018-05-05 11:07:40  [ main:2518 ] - [ INFO ]  Mapped "{[/addQuestionView]}" onto public org.springframework.web.servlet.ModelAndView com.jhyarrow.myWeb.controller.QuestionController.addQuestionView()
2018-05-05 11:07:40  [ main:2518 ] - [ INFO ]  Mapped "{[/getQuestion]}" onto public org.springframework.web.servlet.ModelAndView com.jhyarrow.myWeb.controller.QuestionController.getQuestion(javax.servlet.http.HttpServletRequest)
2018-05-05 11:07:40  [ main:2518 ] - [ INFO ]  Mapped "{[/addQuestion]}" onto public org.springframework.web.servlet.ModelAndView com.jhyarrow.myWeb.controller.QuestionController.addBlog(javax.servlet.http.HttpServletRequest)
2018-05-05 11:07:40  [ main:2518 ] - [ INFO ]  Mapped "{[/updateQuestion]}" onto public org.springframework.web.servlet.ModelAndView com.jhyarrow.myWeb.controller.QuestionController.updateQuestion(javax.servlet.http.HttpServletRequest)
2018-05-05 11:07:40  [ main:2518 ] - [ INFO ]  Mapped "{[/getQuestionList]}" onto public org.springframework.web.servlet.ModelAndView com.jhyarrow.myWeb.controller.QuestionController.getQuestionList()
2018-05-05 11:07:40  [ main:2534 ] - [ INFO ]  Mapped "{[/login]}" onto public org.springframework.web.servlet.ModelAndView com.jhyarrow.myWeb.controller.UserController.login(javax.servlet.http.HttpServletRequest)
2018-05-05 11:07:40  [ main:2534 ] - [ INFO ]  Mapped "{[/getLogIn]}" onto public org.springframework.web.servlet.ModelAndView com.jhyarrow.myWeb.controller.UserController.getLogin()
2018-05-05 11:07:40  [ main:2534 ] - [ INFO ]  Mapped "{[/logOff]}" onto public org.springframework.web.servlet.ModelAndView com.jhyarrow.myWeb.controller.UserController.logOff(javax.servlet.http.HttpServletRequest)
2018-05-05 11:07:40  [ main:2800 ] - [ INFO ]  Looking for @ControllerAdvice: org.springframework.context.support.GenericApplicationContext@29ca901e: startup date [Sat May 05 11:07:38 CST 2018]; root of context hierarchy
2018-05-05 11:07:40  [ main:2878 ] - [ INFO ]  Looking for @ControllerAdvice: org.springframework.context.support.GenericApplicationContext@29ca901e: startup date [Sat May 05 11:07:38 CST 2018]; root of context hierarchy
2018-05-05 11:07:41  [ main:3632 ] - [ INFO ]  Began transaction (1) for test context [DefaultTestContext@5ebd56e9 testClass = SpiderTest, testInstance = myWeb.SpiderTest@63f34b70, testMethod = spideStockDaily@SpiderTest, testException = [null], mergedContextConfiguration = [MergedContextConfiguration@6d0b5baf testClass = SpiderTest, locations = '{classpath:springmvc.xml, classpath:applicationContext-service.xml, classpath:applicationContext-dao.xml, classpath:applicationContext-transaction.xml}', classes = '{}', contextInitializerClasses = '[]', activeProfiles = '{}', propertySourceLocations = '{}', propertySourceProperties = '{}', contextCustomizers = set[[empty]], contextLoader = 'org.springframework.test.context.support.DelegatingSmartContextLoader', parent = [null]]]; transaction manager [org.springframework.jdbc.datasource.DataSourceTransactionManager@38b27cdc]; rollback [false]
2018-05-05 11:49:33  [ main:2515958 ] - [ INFO ]  Committed transaction for test context [DefaultTestContext@5ebd56e9 testClass = SpiderTest, testInstance = myWeb.SpiderTest@63f34b70, testMethod = spideStockDaily@SpiderTest, testException = [null], mergedContextConfiguration = [MergedContextConfiguration@6d0b5baf testClass = SpiderTest, locations = '{classpath:springmvc.xml, classpath:applicationContext-service.xml, classpath:applicationContext-dao.xml, classpath:applicationContext-transaction.xml}', classes = '{}', contextInitializerClasses = '[]', activeProfiles = '{}', propertySourceLocations = '{}', propertySourceProperties = '{}', contextCustomizers = set[[empty]], contextLoader = 'org.springframework.test.context.support.DelegatingSmartContextLoader', parent = [null]]].
2018-05-05 11:49:33  [ Thread-1:2515958 ] - [ INFO ]  Closing org.springframework.context.support.GenericApplicationContext@29ca901e: startup date [Sat May 05 11:07:38 CST 2018]; root of context hierarchy
2018-05-05 15:43:07  [ main:0 ] - [ INFO ]  Loaded default TestExecutionListener class names from location [META-INF/spring.factories]: [org.springframework.test.context.web.ServletTestExecutionListener, org.springframework.test.context.support.DirtiesContextBeforeModesTestExecutionListener, org.springframework.test.context.support.DependencyInjectionTestExecutionListener, org.springframework.test.context.support.DirtiesContextTestExecutionListener, org.springframework.test.context.transaction.TransactionalTestExecutionListener, org.springframework.test.context.jdbc.SqlScriptsTestExecutionListener]
2018-05-05 15:43:07  [ main:57 ] - [ INFO ]  Using TestExecutionListeners: [org.springframework.test.context.web.ServletTestExecutionListener@28feb3fa, org.springframework.test.context.support.DirtiesContextBeforeModesTestExecutionListener@675d3402, org.springframework.test.context.support.DependencyInjectionTestExecutionListener@51565ec2, org.springframework.test.context.support.DirtiesContextTestExecutionListener@482f8f11, org.springframework.test.context.transaction.TransactionalTestExecutionListener@1593948d, org.springframework.test.context.jdbc.SqlScriptsTestExecutionListener@1b604f19]
2018-05-05 15:43:07  [ main:231 ] - [ INFO ]  Loading XML bean definitions from class path resource [springmvc.xml]
2018-05-05 15:43:08  [ main:662 ] - [ INFO ]  Loading XML bean definitions from class path resource [applicationContext-service.xml]
2018-05-05 15:43:08  [ main:705 ] - [ INFO ]  Loading XML bean definitions from class path resource [applicationContext-dao.xml]
2018-05-05 15:43:08  [ main:854 ] - [ INFO ]  Loading XML bean definitions from class path resource [applicationContext-transaction.xml]
2018-05-05 15:43:08  [ main:993 ] - [ INFO ]  Refreshing org.springframework.context.support.GenericApplicationContext@72d818d1: startup date [Sat May 05 15:43:08 CST 2018]; root of context hierarchy
2018-05-05 15:43:09  [ main:1425 ] - [ INFO ]  JSR-330 'javax.inject.Inject' annotation found and supported for autowiring
2018-05-05 15:43:11  [ main:3430 ] - [ INFO ]  Mapped "{[/addBlogView]}" onto public org.springframework.web.servlet.ModelAndView com.jhyarrow.myWeb.controller.BlogController.addBlogView()
2018-05-05 15:43:11  [ main:3432 ] - [ INFO ]  Mapped "{[/addBlog]}" onto public org.springframework.web.servlet.ModelAndView com.jhyarrow.myWeb.controller.BlogController.addBlog(javax.servlet.http.HttpServletRequest)
2018-05-05 15:43:11  [ main:3434 ] - [ INFO ]  Mapped "{[/getBlogListNext]}" onto public org.springframework.web.servlet.ModelAndView com.jhyarrow.myWeb.controller.BlogController.getBlogListNext(javax.servlet.http.HttpServletRequest)
2018-05-05 15:43:11  [ main:3435 ] - [ INFO ]  Mapped "{[/getBlogList]}" onto public org.springframework.web.servlet.ModelAndView com.jhyarrow.myWeb.controller.BlogController.getBlogList(javax.servlet.http.HttpServletRequest)
2018-05-05 15:43:11  [ main:3435 ] - [ INFO ]  Mapped "{[/getBlog]}" onto public org.springframework.web.servlet.ModelAndView com.jhyarrow.myWeb.controller.BlogController.getBlog(javax.servlet.http.HttpServletRequest)
2018-05-05 15:43:11  [ main:3436 ] - [ INFO ]  Mapped "{[/getBlogListPrevious]}" onto public org.springframework.web.servlet.ModelAndView com.jhyarrow.myWeb.controller.BlogController.getBlogListPrevious(javax.servlet.http.HttpServletRequest)
2018-05-05 15:43:11  [ main:3438 ] - [ INFO ]  Mapped "{[/index]}" onto public org.springframework.web.servlet.ModelAndView com.jhyarrow.myWeb.controller.IndexController.getIndex(javax.servlet.http.HttpServletRequest) throws java.lang.Exception
2018-05-05 15:43:11  [ main:3444 ] - [ INFO ]  Mapped "{[/getMain]}" onto public org.springframework.web.servlet.ModelAndView com.jhyarrow.myWeb.controller.IndexController.getMain(javax.servlet.http.HttpServletRequest) throws java.lang.Exception
2018-05-05 15:43:11  [ main:3444 ] - [ INFO ]  Mapped "{[/getMusic]}" onto public org.springframework.web.servlet.ModelAndView com.jhyarrow.myWeb.controller.IndexController.getMusic(javax.servlet.http.HttpServletRequest) throws java.lang.Exception
2018-05-05 15:43:11  [ main:3446 ] - [ INFO ]  Mapped "{[/addQuestionView]}" onto public org.springframework.web.servlet.ModelAndView com.jhyarrow.myWeb.controller.QuestionController.addQuestionView()
2018-05-05 15:43:11  [ main:3447 ] - [ INFO ]  Mapped "{[/getQuestionList]}" onto public org.springframework.web.servlet.ModelAndView com.jhyarrow.myWeb.controller.QuestionController.getQuestionList()
2018-05-05 15:43:11  [ main:3447 ] - [ INFO ]  Mapped "{[/addQuestion]}" onto public org.springframework.web.servlet.ModelAndView com.jhyarrow.myWeb.controller.QuestionController.addBlog(javax.servlet.http.HttpServletRequest)
2018-05-05 15:43:11  [ main:3448 ] - [ INFO ]  Mapped "{[/getQuestion]}" onto public org.springframework.web.servlet.ModelAndView com.jhyarrow.myWeb.controller.QuestionController.getQuestion(javax.servlet.http.HttpServletRequest)
2018-05-05 15:43:11  [ main:3449 ] - [ INFO ]  Mapped "{[/updateQuestion]}" onto public org.springframework.web.servlet.ModelAndView com.jhyarrow.myWeb.controller.QuestionController.updateQuestion(javax.servlet.http.HttpServletRequest)
2018-05-05 15:43:11  [ main:3452 ] - [ INFO ]  Mapped "{[/login]}" onto public org.springframework.web.servlet.ModelAndView com.jhyarrow.myWeb.controller.UserController.login(javax.servlet.http.HttpServletRequest)
2018-05-05 15:43:11  [ main:3453 ] - [ INFO ]  Mapped "{[/logOff]}" onto public org.springframework.web.servlet.ModelAndView com.jhyarrow.myWeb.controller.UserController.logOff(javax.servlet.http.HttpServletRequest)
2018-05-05 15:43:11  [ main:3454 ] - [ INFO ]  Mapped "{[/getLogIn]}" onto public org.springframework.web.servlet.ModelAndView com.jhyarrow.myWeb.controller.UserController.getLogin()
2018-05-05 15:43:11  [ main:3780 ] - [ INFO ]  Looking for @ControllerAdvice: org.springframework.context.support.GenericApplicationContext@72d818d1: startup date [Sat May 05 15:43:08 CST 2018]; root of context hierarchy
2018-05-05 15:43:11  [ main:3917 ] - [ INFO ]  Looking for @ControllerAdvice: org.springframework.context.support.GenericApplicationContext@72d818d1: startup date [Sat May 05 15:43:08 CST 2018]; root of context hierarchy
2018-05-05 15:43:12  [ main:5060 ] - [ INFO ]  Began transaction (1) for test context [DefaultTestContext@7d61eccf testClass = SupportTest, testInstance = myWeb.SupportTest@cc6460c, testMethod = test@SupportTest, testException = [null], mergedContextConfiguration = [MergedContextConfiguration@5049d8b2 testClass = SupportTest, locations = '{classpath:springmvc.xml, classpath:applicationContext-service.xml, classpath:applicationContext-dao.xml, classpath:applicationContext-transaction.xml}', classes = '{}', contextInitializerClasses = '[]', activeProfiles = '{}', propertySourceLocations = '{}', propertySourceProperties = '{}', contextCustomizers = set[[empty]], contextLoader = 'org.springframework.test.context.support.DelegatingSmartContextLoader', parent = [null]]]; transaction manager [org.springframework.jdbc.datasource.DataSourceTransactionManager@7d446ed1]; rollback [false]
2018-05-05 16:07:51  [ main:1 ] - [ INFO ]  Loaded default TestExecutionListener class names from location [META-INF/spring.factories]: [org.springframework.test.context.web.ServletTestExecutionListener, org.springframework.test.context.support.DirtiesContextBeforeModesTestExecutionListener, org.springframework.test.context.support.DependencyInjectionTestExecutionListener, org.springframework.test.context.support.DirtiesContextTestExecutionListener, org.springframework.test.context.transaction.TransactionalTestExecutionListener, org.springframework.test.context.jdbc.SqlScriptsTestExecutionListener]
2018-05-05 16:07:51  [ main:41 ] - [ INFO ]  Using TestExecutionListeners: [org.springframework.test.context.web.ServletTestExecutionListener@28feb3fa, org.springframework.test.context.support.DirtiesContextBeforeModesTestExecutionListener@675d3402, org.springframework.test.context.support.DependencyInjectionTestExecutionListener@51565ec2, org.springframework.test.context.support.DirtiesContextTestExecutionListener@482f8f11, org.springframework.test.context.transaction.TransactionalTestExecutionListener@1593948d, org.springframework.test.context.jdbc.SqlScriptsTestExecutionListener@1b604f19]
2018-05-05 16:07:51  [ main:159 ] - [ INFO ]  Loading XML bean definitions from class path resource [springmvc.xml]
2018-05-05 16:07:51  [ main:519 ] - [ INFO ]  Loading XML bean definitions from class path resource [applicationContext-service.xml]
2018-05-05 16:07:51  [ main:564 ] - [ INFO ]  Loading XML bean definitions from class path resource [applicationContext-dao.xml]
2018-05-05 16:07:52  [ main:631 ] - [ INFO ]  Loading XML bean definitions from class path resource [applicationContext-transaction.xml]
2018-05-05 16:07:52  [ main:725 ] - [ INFO ]  Refreshing org.springframework.context.support.GenericApplicationContext@72d818d1: startup date [Sat May 05 16:07:52 CST 2018]; root of context hierarchy
2018-05-05 16:07:52  [ main:1159 ] - [ INFO ]  JSR-330 'javax.inject.Inject' annotation found and supported for autowiring
2018-05-05 16:07:54  [ main:3141 ] - [ INFO ]  Mapped "{[/getBlog]}" onto public org.springframework.web.servlet.ModelAndView com.jhyarrow.myWeb.controller.BlogController.getBlog(javax.servlet.http.HttpServletRequest)
2018-05-05 16:07:54  [ main:3148 ] - [ INFO ]  Mapped "{[/getBlogList]}" onto public org.springframework.web.servlet.ModelAndView com.jhyarrow.myWeb.controller.BlogController.getBlogList(javax.servlet.http.HttpServletRequest)
2018-05-05 16:07:54  [ main:3148 ] - [ INFO ]  Mapped "{[/getBlogListNext]}" onto public org.springframework.web.servlet.ModelAndView com.jhyarrow.myWeb.controller.BlogController.getBlogListNext(javax.servlet.http.HttpServletRequest)
2018-05-05 16:07:54  [ main:3149 ] - [ INFO ]  Mapped "{[/addBlog]}" onto public org.springframework.web.servlet.ModelAndView com.jhyarrow.myWeb.controller.BlogController.addBlog(javax.servlet.http.HttpServletRequest)
2018-05-05 16:07:54  [ main:3150 ] - [ INFO ]  Mapped "{[/addBlogView]}" onto public org.springframework.web.servlet.ModelAndView com.jhyarrow.myWeb.controller.BlogController.addBlogView()
2018-05-05 16:07:54  [ main:3150 ] - [ INFO ]  Mapped "{[/getBlogListPrevious]}" onto public org.springframework.web.servlet.ModelAndView com.jhyarrow.myWeb.controller.BlogController.getBlogListPrevious(javax.servlet.http.HttpServletRequest)
2018-05-05 16:07:54  [ main:3151 ] - [ INFO ]  Mapped "{[/index]}" onto public org.springframework.web.servlet.ModelAndView com.jhyarrow.myWeb.controller.IndexController.getIndex(javax.servlet.http.HttpServletRequest) throws java.lang.Exception
2018-05-05 16:07:54  [ main:3152 ] - [ INFO ]  Mapped "{[/getMusic]}" onto public org.springframework.web.servlet.ModelAndView com.jhyarrow.myWeb.controller.IndexController.getMusic(javax.servlet.http.HttpServletRequest) throws java.lang.Exception
2018-05-05 16:07:54  [ main:3153 ] - [ INFO ]  Mapped "{[/getMain]}" onto public org.springframework.web.servlet.ModelAndView com.jhyarrow.myWeb.controller.IndexController.getMain(javax.servlet.http.HttpServletRequest) throws java.lang.Exception
2018-05-05 16:07:54  [ main:3155 ] - [ INFO ]  Mapped "{[/addQuestion]}" onto public org.springframework.web.servlet.ModelAndView com.jhyarrow.myWeb.controller.QuestionController.addBlog(javax.servlet.http.HttpServletRequest)
2018-05-05 16:07:54  [ main:3156 ] - [ INFO ]  Mapped "{[/updateQuestion]}" onto public org.springframework.web.servlet.ModelAndView com.jhyarrow.myWeb.controller.QuestionController.updateQuestion(javax.servlet.http.HttpServletRequest)
2018-05-05 16:07:54  [ main:3156 ] - [ INFO ]  Mapped "{[/addQuestionView]}" onto public org.springframework.web.servlet.ModelAndView com.jhyarrow.myWeb.controller.QuestionController.addQuestionView()
2018-05-05 16:07:54  [ main:3157 ] - [ INFO ]  Mapped "{[/getQuestionList]}" onto public org.springframework.web.servlet.ModelAndView com.jhyarrow.myWeb.controller.QuestionController.getQuestionList()
2018-05-05 16:07:54  [ main:3157 ] - [ INFO ]  Mapped "{[/getQuestion]}" onto public org.springframework.web.servlet.ModelAndView com.jhyarrow.myWeb.controller.QuestionController.getQuestion(javax.servlet.http.HttpServletRequest)
2018-05-05 16:07:54  [ main:3161 ] - [ INFO ]  Mapped "{[/login]}" onto public org.springframework.web.servlet.ModelAndView com.jhyarrow.myWeb.controller.UserController.login(javax.servlet.http.HttpServletRequest)
2018-05-05 16:07:54  [ main:3164 ] - [ INFO ]  Mapped "{[/getLogIn]}" onto public org.springframework.web.servlet.ModelAndView com.jhyarrow.myWeb.controller.UserController.getLogin()
2018-05-05 16:07:54  [ main:3166 ] - [ INFO ]  Mapped "{[/logOff]}" onto public org.springframework.web.servlet.ModelAndView com.jhyarrow.myWeb.controller.UserController.logOff(javax.servlet.http.HttpServletRequest)
2018-05-05 16:07:55  [ main:3595 ] - [ INFO ]  Looking for @ControllerAdvice: org.springframework.context.support.GenericApplicationContext@72d818d1: startup date [Sat May 05 16:07:52 CST 2018]; root of context hierarchy
2018-05-05 16:07:55  [ main:3702 ] - [ INFO ]  Looking for @ControllerAdvice: org.springframework.context.support.GenericApplicationContext@72d818d1: startup date [Sat May 05 16:07:52 CST 2018]; root of context hierarchy
2018-05-05 16:07:56  [ main:4720 ] - [ INFO ]  Began transaction (1) for test context [DefaultTestContext@7d61eccf testClass = SupportTest, testInstance = myWeb.SupportTest@cc6460c, testMethod = test@SupportTest, testException = [null], mergedContextConfiguration = [MergedContextConfiguration@5049d8b2 testClass = SupportTest, locations = '{classpath:springmvc.xml, classpath:applicationContext-service.xml, classpath:applicationContext-dao.xml, classpath:applicationContext-transaction.xml}', classes = '{}', contextInitializerClasses = '[]', activeProfiles = '{}', propertySourceLocations = '{}', propertySourceProperties = '{}', contextCustomizers = set[[empty]], contextLoader = 'org.springframework.test.context.support.DelegatingSmartContextLoader', parent = [null]]]; transaction manager [org.springframework.jdbc.datasource.DataSourceTransactionManager@7d446ed1]; rollback [false]
2018-05-05 16:09:02  [ main:0 ] - [ INFO ]  Loaded default TestExecutionListener class names from location [META-INF/spring.factories]: [org.springframework.test.context.web.ServletTestExecutionListener, org.springframework.test.context.support.DirtiesContextBeforeModesTestExecutionListener, org.springframework.test.context.support.DependencyInjectionTestExecutionListener, org.springframework.test.context.support.DirtiesContextTestExecutionListener, org.springframework.test.context.transaction.TransactionalTestExecutionListener, org.springframework.test.context.jdbc.SqlScriptsTestExecutionListener]
2018-05-05 16:09:02  [ main:82 ] - [ INFO ]  Using TestExecutionListeners: [org.springframework.test.context.web.ServletTestExecutionListener@28feb3fa, org.springframework.test.context.support.DirtiesContextBeforeModesTestExecutionListener@675d3402, org.springframework.test.context.support.DependencyInjectionTestExecutionListener@51565ec2, org.springframework.test.context.support.DirtiesContextTestExecutionListener@482f8f11, org.springframework.test.context.transaction.TransactionalTestExecutionListener@1593948d, org.springframework.test.context.jdbc.SqlScriptsTestExecutionListener@1b604f19]
2018-05-05 16:09:03  [ main:311 ] - [ INFO ]  Loading XML bean definitions from class path resource [springmvc.xml]
2018-05-05 16:09:03  [ main:827 ] - [ INFO ]  Loading XML bean definitions from class path resource [applicationContext-service.xml]
2018-05-05 16:09:03  [ main:861 ] - [ INFO ]  Loading XML bean definitions from class path resource [applicationContext-dao.xml]
2018-05-05 16:09:03  [ main:934 ] - [ INFO ]  Loading XML bean definitions from class path resource [applicationContext-transaction.xml]
2018-05-05 16:09:03  [ main:1022 ] - [ INFO ]  Refreshing org.springframework.context.support.GenericApplicationContext@72d818d1: startup date [Sat May 05 16:09:03 CST 2018]; root of context hierarchy
2018-05-05 16:09:04  [ main:1388 ] - [ INFO ]  JSR-330 'javax.inject.Inject' annotation found and supported for autowiring
2018-05-05 16:09:05  [ main:2981 ] - [ INFO ]  Mapped "{[/addBlogView]}" onto public org.springframework.web.servlet.ModelAndView com.jhyarrow.myWeb.controller.BlogController.addBlogView()
2018-05-05 16:09:05  [ main:2984 ] - [ INFO ]  Mapped "{[/getBlogListNext]}" onto public org.springframework.web.servlet.ModelAndView com.jhyarrow.myWeb.controller.BlogController.getBlogListNext(javax.servlet.http.HttpServletRequest)
2018-05-05 16:09:05  [ main:2986 ] - [ INFO ]  Mapped "{[/addBlog]}" onto public org.springframework.web.servlet.ModelAndView com.jhyarrow.myWeb.controller.BlogController.addBlog(javax.servlet.http.HttpServletRequest)
2018-05-05 16:09:05  [ main:2988 ] - [ INFO ]  Mapped "{[/getBlog]}" onto public org.springframework.web.servlet.ModelAndView com.jhyarrow.myWeb.controller.BlogController.getBlog(javax.servlet.http.HttpServletRequest)
2018-05-05 16:09:05  [ main:2990 ] - [ INFO ]  Mapped "{[/getBlogList]}" onto public org.springframework.web.servlet.ModelAndView com.jhyarrow.myWeb.controller.BlogController.getBlogList(javax.servlet.http.HttpServletRequest)
2018-05-05 16:09:05  [ main:2993 ] - [ INFO ]  Mapped "{[/getBlogListPrevious]}" onto public org.springframework.web.servlet.ModelAndView com.jhyarrow.myWeb.controller.BlogController.getBlogListPrevious(javax.servlet.http.HttpServletRequest)
2018-05-05 16:09:05  [ main:2997 ] - [ INFO ]  Mapped "{[/index]}" onto public org.springframework.web.servlet.ModelAndView com.jhyarrow.myWeb.controller.IndexController.getIndex(javax.servlet.http.HttpServletRequest) throws java.lang.Exception
2018-05-05 16:09:05  [ main:2998 ] - [ INFO ]  Mapped "{[/getMain]}" onto public org.springframework.web.servlet.ModelAndView com.jhyarrow.myWeb.controller.IndexController.getMain(javax.servlet.http.HttpServletRequest) throws java.lang.Exception
2018-05-05 16:09:05  [ main:2998 ] - [ INFO ]  Mapped "{[/getMusic]}" onto public org.springframework.web.servlet.ModelAndView com.jhyarrow.myWeb.controller.IndexController.getMusic(javax.servlet.http.HttpServletRequest) throws java.lang.Exception
2018-05-05 16:09:05  [ main:3000 ] - [ INFO ]  Mapped "{[/addQuestion]}" onto public org.springframework.web.servlet.ModelAndView com.jhyarrow.myWeb.controller.QuestionController.addBlog(javax.servlet.http.HttpServletRequest)
2018-05-05 16:09:05  [ main:3000 ] - [ INFO ]  Mapped "{[/getQuestionList]}" onto public org.springframework.web.servlet.ModelAndView com.jhyarrow.myWeb.controller.QuestionController.getQuestionList()
2018-05-05 16:09:05  [ main:3001 ] - [ INFO ]  Mapped "{[/getQuestion]}" onto public org.springframework.web.servlet.ModelAndView com.jhyarrow.myWeb.controller.QuestionController.getQuestion(javax.servlet.http.HttpServletRequest)
2018-05-05 16:09:05  [ main:3001 ] - [ INFO ]  Mapped "{[/addQuestionView]}" onto public org.springframework.web.servlet.ModelAndView com.jhyarrow.myWeb.controller.QuestionController.addQuestionView()
2018-05-05 16:09:05  [ main:3002 ] - [ INFO ]  Mapped "{[/updateQuestion]}" onto public org.springframework.web.servlet.ModelAndView com.jhyarrow.myWeb.controller.QuestionController.updateQuestion(javax.servlet.http.HttpServletRequest)
2018-05-05 16:09:05  [ main:3007 ] - [ INFO ]  Mapped "{[/login]}" onto public org.springframework.web.servlet.ModelAndView com.jhyarrow.myWeb.controller.UserController.login(javax.servlet.http.HttpServletRequest)
2018-05-05 16:09:05  [ main:3008 ] - [ INFO ]  Mapped "{[/getLogIn]}" onto public org.springframework.web.servlet.ModelAndView com.jhyarrow.myWeb.controller.UserController.getLogin()
2018-05-05 16:09:05  [ main:3009 ] - [ INFO ]  Mapped "{[/logOff]}" onto public org.springframework.web.servlet.ModelAndView com.jhyarrow.myWeb.controller.UserController.logOff(javax.servlet.http.HttpServletRequest)
2018-05-05 16:09:06  [ main:3326 ] - [ INFO ]  Looking for @ControllerAdvice: org.springframework.context.support.GenericApplicationContext@72d818d1: startup date [Sat May 05 16:09:03 CST 2018]; root of context hierarchy
2018-05-05 16:09:06  [ main:3408 ] - [ INFO ]  Looking for @ControllerAdvice: org.springframework.context.support.GenericApplicationContext@72d818d1: startup date [Sat May 05 16:09:03 CST 2018]; root of context hierarchy
2018-05-05 16:09:07  [ main:4407 ] - [ INFO ]  Began transaction (1) for test context [DefaultTestContext@7d61eccf testClass = SupportTest, testInstance = myWeb.SupportTest@cc6460c, testMethod = test@SupportTest, testException = [null], mergedContextConfiguration = [MergedContextConfiguration@5049d8b2 testClass = SupportTest, locations = '{classpath:springmvc.xml, classpath:applicationContext-service.xml, classpath:applicationContext-dao.xml, classpath:applicationContext-transaction.xml}', classes = '{}', contextInitializerClasses = '[]', activeProfiles = '{}', propertySourceLocations = '{}', propertySourceProperties = '{}', contextCustomizers = set[[empty]], contextLoader = 'org.springframework.test.context.support.DelegatingSmartContextLoader', parent = [null]]]; transaction manager [org.springframework.jdbc.datasource.DataSourceTransactionManager@7d446ed1]; rollback [false]
2018-05-05 16:18:18  [ main:0 ] - [ INFO ]  Loaded default TestExecutionListener class names from location [META-INF/spring.factories]: [org.springframework.test.context.web.ServletTestExecutionListener, org.springframework.test.context.support.DirtiesContextBeforeModesTestExecutionListener, org.springframework.test.context.support.DependencyInjectionTestExecutionListener, org.springframework.test.context.support.DirtiesContextTestExecutionListener, org.springframework.test.context.transaction.TransactionalTestExecutionListener, org.springframework.test.context.jdbc.SqlScriptsTestExecutionListener]
2018-05-05 16:18:18  [ main:36 ] - [ INFO ]  Using TestExecutionListeners: [org.springframework.test.context.web.ServletTestExecutionListener@28feb3fa, org.springframework.test.context.support.DirtiesContextBeforeModesTestExecutionListener@675d3402, org.springframework.test.context.support.DependencyInjectionTestExecutionListener@51565ec2, org.springframework.test.context.support.DirtiesContextTestExecutionListener@482f8f11, org.springframework.test.context.transaction.TransactionalTestExecutionListener@1593948d, org.springframework.test.context.jdbc.SqlScriptsTestExecutionListener@1b604f19]
2018-05-05 16:18:19  [ main:166 ] - [ INFO ]  Loading XML bean definitions from class path resource [springmvc.xml]
2018-05-05 16:18:19  [ main:581 ] - [ INFO ]  Loading XML bean definitions from class path resource [applicationContext-service.xml]
2018-05-05 16:18:19  [ main:631 ] - [ INFO ]  Loading XML bean definitions from class path resource [applicationContext-dao.xml]
2018-05-05 16:18:19  [ main:710 ] - [ INFO ]  Loading XML bean definitions from class path resource [applicationContext-transaction.xml]
2018-05-05 16:18:19  [ main:831 ] - [ INFO ]  Refreshing org.springframework.context.support.GenericApplicationContext@72d818d1: startup date [Sat May 05 16:18:19 CST 2018]; root of context hierarchy
2018-05-05 16:18:20  [ main:1189 ] - [ INFO ]  JSR-330 'javax.inject.Inject' annotation found and supported for autowiring
2018-05-05 16:18:21  [ main:2803 ] - [ INFO ]  Mapped "{[/getBlogListPrevious]}" onto public org.springframework.web.servlet.ModelAndView com.jhyarrow.myWeb.controller.BlogController.getBlogListPrevious(javax.servlet.http.HttpServletRequest)
2018-05-05 16:18:21  [ main:2806 ] - [ INFO ]  Mapped "{[/getBlog]}" onto public org.springframework.web.servlet.ModelAndView com.jhyarrow.myWeb.controller.BlogController.getBlog(javax.servlet.http.HttpServletRequest)
2018-05-05 16:18:21  [ main:2807 ] - [ INFO ]  Mapped "{[/getBlogListNext]}" onto public org.springframework.web.servlet.ModelAndView com.jhyarrow.myWeb.controller.BlogController.getBlogListNext(javax.servlet.http.HttpServletRequest)
2018-05-05 16:18:21  [ main:2808 ] - [ INFO ]  Mapped "{[/addBlog]}" onto public org.springframework.web.servlet.ModelAndView com.jhyarrow.myWeb.controller.BlogController.addBlog(javax.servlet.http.HttpServletRequest)
2018-05-05 16:18:21  [ main:2811 ] - [ INFO ]  Mapped "{[/addBlogView]}" onto public org.springframework.web.servlet.ModelAndView com.jhyarrow.myWeb.controller.BlogController.addBlogView()
2018-05-05 16:18:21  [ main:2812 ] - [ INFO ]  Mapped "{[/getBlogList]}" onto public org.springframework.web.servlet.ModelAndView com.jhyarrow.myWeb.controller.BlogController.getBlogList(javax.servlet.http.HttpServletRequest)
2018-05-05 16:18:21  [ main:2814 ] - [ INFO ]  Mapped "{[/index]}" onto public org.springframework.web.servlet.ModelAndView com.jhyarrow.myWeb.controller.IndexController.getIndex(javax.servlet.http.HttpServletRequest) throws java.lang.Exception
2018-05-05 16:18:21  [ main:2814 ] - [ INFO ]  Mapped "{[/getMusic]}" onto public org.springframework.web.servlet.ModelAndView com.jhyarrow.myWeb.controller.IndexController.getMusic(javax.servlet.http.HttpServletRequest) throws java.lang.Exception
2018-05-05 16:18:21  [ main:2815 ] - [ INFO ]  Mapped "{[/getMain]}" onto public org.springframework.web.servlet.ModelAndView com.jhyarrow.myWeb.controller.IndexController.getMain(javax.servlet.http.HttpServletRequest) throws java.lang.Exception
2018-05-05 16:18:21  [ main:2818 ] - [ INFO ]  Mapped "{[/getQuestion]}" onto public org.springframework.web.servlet.ModelAndView com.jhyarrow.myWeb.controller.QuestionController.getQuestion(javax.servlet.http.HttpServletRequest)
2018-05-05 16:18:21  [ main:2819 ] - [ INFO ]  Mapped "{[/updateQuestion]}" onto public org.springframework.web.servlet.ModelAndView com.jhyarrow.myWeb.controller.QuestionController.updateQuestion(javax.servlet.http.HttpServletRequest)
2018-05-05 16:18:21  [ main:2820 ] - [ INFO ]  Mapped "{[/addQuestion]}" onto public org.springframework.web.servlet.ModelAndView com.jhyarrow.myWeb.controller.QuestionController.addBlog(javax.servlet.http.HttpServletRequest)
2018-05-05 16:18:21  [ main:2820 ] - [ INFO ]  Mapped "{[/getQuestionList]}" onto public org.springframework.web.servlet.ModelAndView com.jhyarrow.myWeb.controller.QuestionController.getQuestionList()
2018-05-05 16:18:21  [ main:2821 ] - [ INFO ]  Mapped "{[/addQuestionView]}" onto public org.springframework.web.servlet.ModelAndView com.jhyarrow.myWeb.controller.QuestionController.addQuestionView()
2018-05-05 16:18:21  [ main:2833 ] - [ INFO ]  Mapped "{[/login]}" onto public org.springframework.web.servlet.ModelAndView com.jhyarrow.myWeb.controller.UserController.login(javax.servlet.http.HttpServletRequest)
2018-05-05 16:18:21  [ main:2834 ] - [ INFO ]  Mapped "{[/getLogIn]}" onto public org.springframework.web.servlet.ModelAndView com.jhyarrow.myWeb.controller.UserController.getLogin()
2018-05-05 16:18:21  [ main:2835 ] - [ INFO ]  Mapped "{[/logOff]}" onto public org.springframework.web.servlet.ModelAndView com.jhyarrow.myWeb.controller.UserController.logOff(javax.servlet.http.HttpServletRequest)
2018-05-05 16:18:22  [ main:3182 ] - [ INFO ]  Looking for @ControllerAdvice: org.springframework.context.support.GenericApplicationContext@72d818d1: startup date [Sat May 05 16:18:19 CST 2018]; root of context hierarchy
2018-05-05 16:18:22  [ main:3262 ] - [ INFO ]  Looking for @ControllerAdvice: org.springframework.context.support.GenericApplicationContext@72d818d1: startup date [Sat May 05 16:18:19 CST 2018]; root of context hierarchy
2018-05-05 16:18:23  [ main:4411 ] - [ INFO ]  Began transaction (1) for test context [DefaultTestContext@7d61eccf testClass = SupportTest, testInstance = myWeb.SupportTest@cc6460c, testMethod = test@SupportTest, testException = [null], mergedContextConfiguration = [MergedContextConfiguration@5049d8b2 testClass = SupportTest, locations = '{classpath:springmvc.xml, classpath:applicationContext-service.xml, classpath:applicationContext-dao.xml, classpath:applicationContext-transaction.xml}', classes = '{}', contextInitializerClasses = '[]', activeProfiles = '{}', propertySourceLocations = '{}', propertySourceProperties = '{}', contextCustomizers = set[[empty]], contextLoader = 'org.springframework.test.context.support.DelegatingSmartContextLoader', parent = [null]]]; transaction manager [org.springframework.jdbc.datasource.DataSourceTransactionManager@7d446ed1]; rollback [false]
